#
# There is insufficient memory for the Java Runtime Environment to continue.
# Native memory allocation (mmap) failed to map 130023424 bytes for Failed to commit area from 0x0000000085000000 to 0x000000008cc00000 of length 130023424.
# Possible reasons:
#   The system is out of physical RAM or swap space
#   The process is running with CompressedOops enabled, and the Java Heap may be blocking the growth of the native heap
# Possible solutions:
#   Reduce memory load on the system
#   Increase physical memory or swap space
#   Check if swap backing store is full
#   Decrease Java heap size (-Xmx/-Xms)
#   Decrease number of Java threads
#   Decrease Java thread stack sizes (-Xss)
#   Set larger code cache with -XX:ReservedCodeCacheSize=
# This output file may be truncated or incomplete.
#
#  Out of Memory Error (c:/BuildAgent/work/5ff2f6c26000d570/src/hotspot/os/windows/os_windows.cpp:3296), pid=2144, tid=13264
#
# JRE version:  (11.0.6+8) (build )
# Java VM: OpenJDK 64-Bit Server VM (11.0.6+8-b520.43, mixed mode, sharing, tiered, compressed oops, g1 gc, windows-amd64)
# No core dump will be written. Minidumps are not enabled by default on client versions of Windows
#

---------------  S U M M A R Y ------------

Command Line: org.jetbrains.git4idea.http.GitAskPassApp Username for 'https://github.com': 

Host: Intel(R) Core(TM) i7-6820HQ CPU @ 2.70GHz, 8 cores, 7G,  Windows 10 , 64 bit Build 19041 (10.0.19041.1889)
Time: Sun Oct 23 22:48:56 2022 Egypt Standard Time elapsed time: 0 seconds (0d 0h 0m 0s)

---------------  T H R E A D  ---------------

Current thread (0x000001e2ece2b000):  JavaThread "Unknown thread" [_thread_in_vm, id=13264, stack(0x000000a8e5100000,0x000000a8e5200000)]

Stack: [0x000000a8e5100000,0x000000a8e5200000]
Native frames: (J=compiled Java code, j=interpreted, Vv=VM code, C=native code)
V  [jvm.dll+0x5de31a]
V  [jvm.dll+0x710ae5]
V  [jvm.dll+0x712005]
V  [jvm.dll+0x7126b3]
V  [jvm.dll+0x23e3a8]
V  [jvm.dll+0x5db814]
V  [jvm.dll+0x5d0a35]
V  [jvm.dll+0x2faeeb]
V  [jvm.dll+0x2fae5a]
V  [jvm.dll+0x2fad32]
V  [jvm.dll+0x2ffc06]
V  [jvm.dll+0x348483]
V  [jvm.dll+0x348b86]
V  [jvm.dll+0x348583]
V  [jvm.dll+0x2d57b8]
V  [jvm.dll+0x2d6957]
V  [jvm.dll+0x6ef8a7]
V  [jvm.dll+0x6f109c]
V  [jvm.dll+0x355a79]
V  [jvm.dll+0x6d49ee]
V  [jvm.dll+0x3bf0a3]
V  [jvm.dll+0x3c15c1]
C  [jli.dll+0x5363]
C  [ucrtbase.dll+0x21bb2]
C  [KERNEL32.DLL+0x17034]
C  [ntdll.dll+0x526a1]


---------------  P R O C E S S  ---------------

Threads class SMR info:
_java_thread_list=0x000001e2eace3350, length=0, elements={
}

Java Threads: ( => current thread )

Other Threads:
  0x000001e2ece41000 GCTaskThread "GC Thread#0" [stack: 0x000000a8e5200000,0x000000a8e5300000] [id=13520]
  0x000001e2ece73800 ConcurrentGCThread "G1 Main Marker" [stack: 0x000000a8e5300000,0x000000a8e5400000] [id=18328]
  0x000001e2ece74800 ConcurrentGCThread "G1 Conc#0" [stack: 0x000000a8e5400000,0x000000a8e5500000] [id=2864]

[error occurred during error reporting (printing all threads), id 0xc0000005, EXCEPTION_ACCESS_VIOLATION (0xc0000005) at pc=0x00007ffd2d296027]

VM state:not at safepoint (not fully initialized)

VM Mutex/Monitor currently owned by a thread:  ([mutex/lock_event])
[0x000001e2ece27cb0] Heap_lock - owner thread: 0x000001e2ece2b000

Heap address: 0x0000000085000000, size: 1968 MB, Compressed Oops mode: Non-zero based: 0x0000000085000000
Narrow klass base: 0x0000000000000000, Narrow klass shift: 0

GC Heap History (0 events):
No events

Deoptimization events (0 events):
No events

Classes redefined (0 events):
No events

Internal exceptions (0 events):
No events

Events (2 events):
Event: 0.008 Loaded shared library C:\Program Files\JetBrains\PhpStorm 2019.3.1\jbr\bin\zip.dll
Event: 0.009 Loaded shared library C:\Program Files\JetBrains\PhpStorm 2019.3.1\jbr\bin\jimage.dll


Dynamic libraries:
0x00007ff7ccba0000 - 0x00007ff7ccbaa000 	C:\Program Files\JetBrains\PhpStorm 2019.3.1\jbr\bin\java.exe
0x00007ffdb76f0000 - 0x00007ffdb78e8000 	C:\Windows\SYSTEM32\ntdll.dll
0x00007ffdb5b50000 - 0x00007ffdb5c0d000 	C:\Windows\System32\KERNEL32.DLL
0x00007ffdb5150000 - 0x00007ffdb5422000 	C:\Windows\System32\KERNELBASE.dll
0x00007ffdb4e00000 - 0x00007ffdb4f00000 	C:\Windows\System32\ucrtbase.dll
0x00007ffda28a0000 - 0x00007ffda28b9000 	C:\Program Files\JetBrains\PhpStorm 2019.3.1\jbr\bin\jli.dll
0x00007ffda40d0000 - 0x00007ffda40e7000 	C:\Program Files\JetBrains\PhpStorm 2019.3.1\jbr\bin\VCRUNTIME140.dll
0x00007ffdb66f0000 - 0x00007ffdb688d000 	C:\Windows\System32\USER32.dll
0x00007ffd932f0000 - 0x00007ffd9358a000 	C:\Windows\WinSxS\amd64_microsoft.windows.common-controls_6595b64144ccf1df_6.0.19041.1110_none_60b5254171f9507e\COMCTL32.dll
0x00007ffdb56d0000 - 0x00007ffdb56f2000 	C:\Windows\System32\win32u.dll
0x00007ffdb62a0000 - 0x00007ffdb62cb000 	C:\Windows\System32\GDI32.dll
0x00007ffdb5ab0000 - 0x00007ffdb5b4e000 	C:\Windows\System32\msvcrt.dll
0x00007ffdb5590000 - 0x00007ffdb569f000 	C:\Windows\System32\gdi32full.dll
0x00007ffdb50b0000 - 0x00007ffdb514d000 	C:\Windows\System32\msvcp_win.dll
0x00007ffdb7130000 - 0x00007ffdb7160000 	C:\Windows\System32\IMM32.DLL
0x00007ffd73f10000 - 0x00007ffd73fad000 	C:\Program Files\JetBrains\PhpStorm 2019.3.1\jbr\bin\msvcp140.dll
0x00007ffd2cfb0000 - 0x00007ffd2da6d000 	C:\Program Files\JetBrains\PhpStorm 2019.3.1\jbr\bin\server\jvm.dll
0x00007ffdb6fe0000 - 0x00007ffdb708e000 	C:\Windows\System32\ADVAPI32.dll
0x00007ffdb7090000 - 0x00007ffdb712c000 	C:\Windows\System32\sechost.dll
0x00007ffdb5d20000 - 0x00007ffdb5e45000 	C:\Windows\System32\RPCRT4.dll
0x00007ffdb7230000 - 0x00007ffdb7238000 	C:\Windows\System32\PSAPI.DLL
0x00007ffdb0730000 - 0x00007ffdb0739000 	C:\Windows\SYSTEM32\WSOCK32.dll
0x00007ffdaf170000 - 0x00007ffdaf197000 	C:\Windows\SYSTEM32\WINMM.dll
0x00007ffdb6410000 - 0x00007ffdb647b000 	C:\Windows\System32\WS2_32.dll
0x00007ffdb0780000 - 0x00007ffdb078a000 	C:\Windows\SYSTEM32\VERSION.dll
0x00007ffdb2ba0000 - 0x00007ffdb2bb2000 	C:\Windows\SYSTEM32\kernel.appcore.dll
0x00007ffda2a30000 - 0x00007ffda2a41000 	C:\Program Files\JetBrains\PhpStorm 2019.3.1\jbr\bin\verify.dll
0x00007ffdafbf0000 - 0x00007ffdafdd4000 	C:\Windows\SYSTEM32\DBGHELP.DLL
0x00007ffdafa20000 - 0x00007ffdafa4c000 	C:\Windows\SYSTEM32\dbgcore.DLL
0x00007ffdb4fb0000 - 0x00007ffdb5032000 	C:\Windows\System32\bcryptPrimitives.dll
0x00007ffda1b80000 - 0x00007ffda1ba9000 	C:\Program Files\JetBrains\PhpStorm 2019.3.1\jbr\bin\java.dll
0x00007ffda29f0000 - 0x00007ffda2a08000 	C:\Program Files\JetBrains\PhpStorm 2019.3.1\jbr\bin\zip.dll
0x00007ffdab860000 - 0x00007ffdab86b000 	C:\Program Files\JetBrains\PhpStorm 2019.3.1\jbr\bin\jimage.dll

dbghelp: loaded successfully - version: 4.0.5 - missing functions: none
symbol engine: initialized successfully - sym options: 0x614 - pdb path: .;C:\Program Files\JetBrains\PhpStorm 2019.3.1\jbr\bin;C:\Windows\SYSTEM32;C:\Windows\WinSxS\amd64_microsoft.windows.common-controls_6595b64144ccf1df_6.0.19041.1110_none_60b5254171f9507e;C:\Program Files\JetBrains\PhpStorm 2019.3.1\jbr\bin\server

VM Arguments:
java_command: org.jetbrains.git4idea.http.GitAskPassApp Username for 'https://github.com': 
java_class_path (initial): C:/Program Files/JetBrains/PhpStorm 2019.3.1/plugins/git4idea/lib/git4idea-rt.jar;C:/Program Files/JetBrains/PhpStorm 2019.3.1/lib/xmlrpc-2.0.1.jar;C:/Program Files/JetBrains/PhpStorm 2019.3.1/lib/commons-codec-1.13.jar;C:/Program Files/JetBrains/PhpStorm 2019.3.1/lib/util.jar
Launcher Type: SUN_STANDARD

[Global flags]
     intx CICompilerCount                          = 4                                         {product} {ergonomic}
     uint ConcGCThreads                            = 2                                         {product} {ergonomic}
     uint G1ConcRefinementThreads                  = 8                                         {product} {ergonomic}
   size_t G1HeapRegionSize                         = 1048576                                   {product} {ergonomic}
    uintx GCDrainStackTargetSize                   = 64                                        {product} {ergonomic}
   size_t InitialHeapSize                          = 130023424                                 {product} {ergonomic}
   size_t MarkStackSize                            = 4194304                                   {product} {ergonomic}
   size_t MaxHeapSize                              = 2063597568                                {product} {ergonomic}
   size_t MinHeapDeltaBytes                        = 1048576                                   {product} {ergonomic}
    uintx NonNMethodCodeHeapSize                   = 5836300                                {pd product} {ergonomic}
    uintx NonProfiledCodeHeapSize                  = 122910970                              {pd product} {ergonomic}
    uintx ProfiledCodeHeapSize                     = 122910970                              {pd product} {ergonomic}
    uintx ReservedCodeCacheSize                    = 251658240                              {pd product} {ergonomic}
     bool SegmentedCodeCache                       = true                                      {product} {ergonomic}
     bool UseCompressedClassPointers               = true                                 {lp64_product} {ergonomic}
     bool UseCompressedOops                        = true                                 {lp64_product} {ergonomic}
     bool UseG1GC                                  = true                                      {product} {ergonomic}
     bool UseLargePagesIndividualAllocation        = false                                  {pd product} {ergonomic}

Logging:
Log output configuration:
 #0: stdout all=warning uptime,level,tags
 #1: stderr all=off uptime,level,tags

Environment Variables:
PATH=C:\Program Files\Git\mingw64\libexec\git-core;C:\Program Files\Git\mingw64\bin;C:\Program Files\Git\usr\bin;C:\Users\lapshop\bin;C:\Windows\system32;C:\Windows;C:\Windows\System32\Wbem;C:\Windows\System32\WindowsPowerShell\v1.0;C:\Windows\System32\OpenSSH;C:\Program Files\Git\cmd;C:\wamp64\bin\php\php7.4.26;C:\ProgramData\ComposerSetup\bin;C:\Program Files\nodejs;C:\Program Files\Docker\Docker\resources\bin;C:\ProgramData\DockerDesktop\version-bin;C:\Users\lapshop\anaconda3;C:\Users\lapshop\anaconda3\Library\mingw-w64\bin;C:\Users\lapshop\anaconda3\Library\usr\bin;C:\Users\lapshop\anaconda3\Library\bin;C:\Users\lapshop\anaconda3\Scripts;C:\Users\lapshop\AppData\Local\Microsoft\WindowsApps;C:\Users\lapshop\AppData\Local\Programs\Microsoft VS Code\bin;C:\Program Files\JetBrains\PhpStorm 2019.3.1\bin;C:\Users\lapshop\AppData\Roaming\Composer\vendor\bin;C:\Users\lapshop\AppData\Roaming\npm;C:\Users\lapshop\AppData\Local\Programs\EmEditor;C:\Program Files\heroku\bin
USERNAME=lapshop
DISPLAY=:0.0
OS=Windows_NT
PROCESSOR_IDENTIFIER=Intel64 Family 6 Model 94 Stepping 3, GenuineIntel



---------------  S Y S T E M  ---------------

OS: Windows 10 , 64 bit Build 19041 (10.0.19041.1889)
HyperV virtualization detected

CPU:total 8 (initial active 8) (4 cores per cpu, 2 threads per core) family 6 model 94 stepping 3, cmov, cx8, fxsr, mmx, sse, sse2, sse3, ssse3, sse4.1, sse4.2, popcnt, avx, avx2, aes, clmul, erms, rtm, 3dnowpref, lzcnt, ht, tsc, tscinvbit, bmi1, bmi2, adx, fma

Memory: 4k page, system-wide physical 7866M (593M free)
TotalPageFile size 15034M (AvailPageFile size 123M)
current process WorkingSet (physical memory assigned to process): 10M, peak: 10M
current process commit charge ("private bytes"): 59M, peak: 183M

vm_info: OpenJDK 64-Bit Server VM (11.0.6+8-b520.43) for windows-amd64 JRE (11.0.6+8-b520.43), built on Feb  3 2020 14:18:56 by "" with MS VC++ 14.0 (VS2015)

END.
